<?xml version="1.0" encoding="UTF-8"?>
<testng-results ignored="0" total="2" passed="2" failed="0" skipped="0">
  <reporter-output>
  </reporter-output>
  <suite started-at="2022-05-16T10:40:23 IST" name="Suite" finished-at="2022-05-16T10:42:22 IST" duration-ms="119348">
    <groups>
      <group name="cucumber">
        <method signature="AbstractTestNGCucumberTests.feature(cucumber.api.testng.CucumberFeatureWrapper)[pri:0, instance:com.saudhing.cucumber.qedge.runners.QEdgeRunner@3c22fc4c]" name="feature" class="cucumber.api.testng.AbstractTestNGCucumberTests"/>
      </group> <!-- cucumber -->
    </groups>
    <test started-at="2022-05-16T10:40:23 IST" name="Test" finished-at="2022-05-16T10:42:22 IST" duration-ms="119348">
      <class name="com.saudhing.cucumber.qedge.runners.QEdgeRunner">
        <test-method is-config="true" signature="setUpClass()[pri:0, instance:com.saudhing.cucumber.qedge.runners.QEdgeRunner@3c22fc4c]" started-at="2022-05-16T10:40:23 IST" name="setUpClass" finished-at="2022-05-16T10:40:23 IST" duration-ms="393" status="PASS">
          <reporter-output>
          </reporter-output>
        </test-method> <!-- setUpClass -->
        <test-method signature="feature(cucumber.api.testng.CucumberFeatureWrapper)[pri:0, instance:com.saudhing.cucumber.qedge.runners.QEdgeRunner@3c22fc4c]" started-at="2022-05-16T10:40:24 IST" name="feature" description="Runs Cucumber Feature" data-provider="features" finished-at="2022-05-16T10:41:59 IST" duration-ms="95563" status="PASS">
          <params>
            <param index="0">
              <value>
                <![CDATA[Add and Delete Employee to QEdge application]]>
              </value>
            </param>
          </params>
          <reporter-output>
          </reporter-output>
        </test-method> <!-- feature -->
        <test-method signature="feature(cucumber.api.testng.CucumberFeatureWrapper)[pri:0, instance:com.saudhing.cucumber.qedge.runners.QEdgeRunner@3c22fc4c]" started-at="2022-05-16T10:41:59 IST" name="feature" description="Runs Cucumber Feature" data-provider="features" finished-at="2022-05-16T10:42:22 IST" duration-ms="23180" status="PASS">
          <params>
            <param index="0">
              <value>
                <![CDATA[Update Employee to QEdge application]]>
              </value>
            </param>
          </params>
          <reporter-output>
          </reporter-output>
        </test-method> <!-- feature -->
        <test-method is-config="true" signature="tearDownClass()[pri:0, instance:com.saudhing.cucumber.qedge.runners.QEdgeRunner@3c22fc4c]" started-at="2022-05-16T10:42:22 IST" name="tearDownClass" finished-at="2022-05-16T10:42:22 IST" duration-ms="3" status="PASS">
          <reporter-output>
          </reporter-output>
        </test-method> <!-- tearDownClass -->
      </class> <!-- com.saudhing.cucumber.qedge.runners.QEdgeRunner -->
    </test> <!-- Test -->
  </suite> <!-- Suite -->
</testng-results>
